[LOG] System::create                           : Header version = 1.10.03. Current version = 1.10.03.
[LOG] SystemI::setOutputInternal               : Setting output to 'FMOD WASAPI Output'
[LOG] Manager::init                            : maxchannels = 1024 studioflags = 00000009 flags 00000000 extradriverdata 0000000000000000.
[LOG] SystemI::init                            : Initialize version=11003 (93157), maxchannels=1024, flags=0x00030000
[LOG] OutputWASAPI::init                       : Mix Format (WAVEFORMATEX): wFormatTag=0xFFFE, nChannels=2, nSamplesPerSec=48000, nAvgBytesPerSec=384000, nBlockAlign=8, wBitsPerSample=32, cbSize=22.
[LOG] OutputWASAPI::init                       : Mix Format (WAVEFORMATEXTENSIBLE): wValidBitsPerSample=32, dwChannelMask=0x00000003, SubFormat=00000003-0000-0010-8000-00AA00389B71.
[LOG] OutputWASAPI::init                       : Output buffer size: 4096 samples, latency: 0.00ms, period: 10.00ms, DSP buffer: 1024 * 4
[LOG] Thread::initThread                       : Init FMOD stream thread. Priority: 2, Stack Size: 65536, Semaphore: No, Sleep Time: 10, Looping: Yes.
[LOG] SystemI::DSPCodecPoolRegister            : register codec pool for pool type 5
[LOG] Thread::initThread                       : Init FMOD mixer thread. Priority: 3, Stack Size: 49152, Semaphore: No, Sleep Time: 0, Looping: Yes.
[LOG] AsyncManager::init                       : manager 000000004D73BED8 isAsync 1 updatePeriod 0.02
[LOG] Thread::initThread                       : Init FMOD Studio update thread. Priority: 0, Stack Size: 65536, Semaphore: No, Sleep Time: 1, Looping: No.
[LOG] AsyncManager::init                       : done
[LOG] PlaybackSystem::init                     : 
[LOG] Thread::initThread                       : Init FMOD Studio sample load thread. Priority: 0, Stack Size: 65536, Semaphore: No, Sleep Time: 1, Looping: No.
[LOG] PlaybackSystem::init                     : done
[LOG] LiveUpdate::init                         : 
[LOG] Thread::initThread                       : Init FMOD Studio bank load thread. Priority: 0, Stack Size: 65536, Semaphore: No, Sleep Time: 1, Looping: No.
[LOG] Manager::init                            : done.
[LOG] Profile::init                            : Profiler listening on port: 9264
[LOG] Manager::readBank                        : fileversion = 100, compatVersion = 99 (oldest = 44, newest = 100)
[LOG] Manager::readBank                        : fileversion = 100, compatVersion = 99 (oldest = 44, newest = 100)
[LOG] PlaybackSystem::acquireMasterBus         : Setting master channel group format to 6
[LOG] SystemI::createSound                     : filename = E:\2018\TCC\SoundDesign\FMOD\HiddenMemories\Build\Desktop/Master Bank.bank : mode 02010082
[LOG] SystemI::createSound                     : FMOD_NONBLOCKING specified.  Putting into queue to be opened asynchronously!
[LOG] SystemI::createSound                     : setdata soundi = 0000000019084DA8 : node = 00000000512F13D0
[LOG] SystemI::createSound                     : add node to async list : head = 000000004D80DE78.  list count = 0
[LOG] AsyncThread::threadFunc                  : Starting Asynchronous operation on sound 0000000019084DA8
[LOG] SystemI::createSoundInternal             :     Create name='E:\2018\TCC\SoundDesign\FMOD\HiddenMemories\Build\Desktop/Master Bank.bank', mode=0x02010082
[LOG] SystemI::createSoundInternal             :     exinfo->cbsize             = 232
[LOG] SystemI::createSoundInternal             :     exinfo->length             = 1620384
[LOG] SystemI::createSoundInternal             :     exinfo->fileoffset         = 40672
[LOG] SystemI::createSoundInternal             :     exinfo->numsubsounds       = 1
[LOG] SystemI::createSoundInternal             :     exinfo->inclusionlist      = 00000000512F14E8
[LOG] SystemI::createSoundInternal             :     exinfo->inclusionlistnum   = 1
[LOG] SystemI::createSoundInternal             :     exinfo->suggestedsoundtype = 5
[LOG] SystemI::createSoundInternal             :     exinfo->initialseekpostype = 1
[LOG] SystemI::createSoundInternal             :     Create name='', mode=0x02000202
[LOG] SystemI::createSoundInternal             :     exinfo->cbsize             = 232
[LOG] SystemI::createSoundInternal             :     exinfo->length             = 1620384
[LOG] SystemI::createSoundInternal             :     exinfo->fileoffset         = 40672
[LOG] SystemI::createSoundInternal             :     exinfo->numsubsounds       = 1
[LOG] SystemI::createSoundInternal             :     exinfo->inclusionlist      = 000000005A30F5FC
[LOG] SystemI::createSoundInternal             :     exinfo->inclusionlistnum   = 1
[LOG] SystemI::createSoundInternal             :     exinfo->suggestedsoundtype = 5
[LOG] SystemI::createSoundInternal             :     exinfo->useropen           = 00007FFE8AC05EC0
[LOG] SystemI::createSoundInternal             :     exinfo->userclose          = 00007FFE8AC05E90
[LOG] SystemI::createSoundInternal             :     exinfo->userread           = 00007FFE8AC05F90
[LOG] SystemI::createSoundInternal             :     exinfo->userseek           = 00007FFE8AC06040
[LOG] SystemI::createSoundInternal             :     exinfo->fileuserdata       = 00000000513E1488
[LOG] SystemI::createSoundInternal             :     exinfo->initialseekpostype = 1
[LOG] SystemI::DSPCodecPoolRegister            :     register codec pool for pool type 5
[LOG] SystemI::createSoundInternal             :     Stream 0/1: name='Forest_Wind_Intro', format=2, channels=2, frequency=48000, lengthbytes=258208, lengthpcm=917323, pcmblocksize=0, loopstart=0, loopend=0, mode=0x00000000, channelmask=0x00000000, channelorder=0, peakvolume=0.051483.
[LOG] SystemI::createSoundInternal             :     Sample 0/1: name='footstep_grass_single_001', format=2, channels=2, frequency=48000, lengthbytes=4704, lengthpcm=19584, pcmblocksize=0, loopstart=0, loopend=0, mode=0x00000000, channelmask=0x00000000, channelorder=0, peakvolume=0.856598.
[LOG] SystemI::createSoundInternal             :     Create name='', mode=0x02000202
[LOG] SystemI::createSoundInternal             :     exinfo->cbsize             = 232
[LOG] SystemI::createSoundInternal             :     exinfo->length             = 1620384
[LOG] SystemI::createSoundInternal             :     exinfo->fileoffset         = 40672
[LOG] SystemI::createSoundInternal             :     exinfo->numsubsounds       = 1
[LOG] SystemI::createSoundInternal             :     exinfo->inclusionlist      = 000000005A30F5FC
[LOG] SystemI::createSoundInternal             :     exinfo->inclusionlistnum   = 1
[LOG] SystemI::createSoundInternal             :     exinfo->suggestedsoundtype = 5
[LOG] SystemI::createSoundInternal             :     exinfo->useropen           = 00007FFE8AC05EC0
[LOG] SystemI::createSoundInternal             :     exinfo->userclose          = 00007FFE8AC05E90
[LOG] SystemI::createSoundInternal             :     exinfo->userread           = 00007FFE8AC05F90
[LOG] SystemI::createSoundInternal             :     exinfo->userseek           = 00007FFE8AC06040
[LOG] SystemI::createSoundInternal             :     exinfo->fileuserdata       = 00000000513E1488
[LOG] SystemI::createSoundInternal             :     exinfo->initialseekpostype = 1
[LOG] SystemI::DSPCodecPoolRegister            :     register codec pool for pool type 5
[LOG] SystemI::createSoundInternal             :     Sample 0/1: name='footstep_single_dirt_road_sneaker_005', format=2, channels=2, frequency=48000, lengthbytes=6560, lengthpcm=26496, pcmblocksize=0, loopstart=0, loopend=0, mode=0x00000000, channelmask=0x00000000, channelorder=0, peakvolume=0.710571.
[LOG] SystemI::createSoundInternal             :     Create name='', mode=0x02000202
[LOG] SystemI::createSoundInternal             :     exinfo->cbsize             = 232
[LOG] SystemI::createSoundInternal             :     exinfo->length             = 1620384
[LOG] SystemI::createSoundInternal             :     exinfo->fileoffset         = 40672
[LOG] SystemI::createSoundInternal             :     exinfo->numsubsounds       = 1
[LOG] SystemI::createSoundInternal             :     exinfo->inclusionlist      = 000000005A30F5FC
[LOG] SystemI::createSoundInternal             :     exinfo->inclusionlistnum   = 1
[LOG] SystemI::createSoundInternal             :     exinfo->suggestedsoundtype = 5
[LOG] SystemI::createSoundInternal             :     exinfo->useropen           = 00007FFE8AC05EC0
[LOG] SystemI::createSoundInternal             :     exinfo->userclose          = 00007FFE8AC05E90
[LOG] SystemI::createSoundInternal             :     exinfo->userread           = 00007FFE8AC05F90
[LOG] SystemI::createSoundInternal             :     exinfo->userseek           = 00007FFE8AC06040
[LOG] SystemI::createSoundInternal             :     exinfo->fileuserdata       = 00000000513E1488
[LOG] SystemI::createSoundInternal             :     exinfo->initialseekpostype = 1
[LOG] SystemI::DSPCodecPoolRegister            :     register codec pool for pool type 5
[LOG] SystemI::createSoundInternal             :     Sample 0/1: name='footstep_grass_single_004', format=2, channels=2, frequency=48000, lengthbytes=5376, lengthpcm=19584, pcmblocksize=0, loopstart=0, loopend=0, mode=0x00000000, channelmask=0x00000000, channelorder=0, peakvolume=0.789825.
[LOG] SystemI::createSoundInternal             :     Create name='', mode=0x02000202
[LOG] SystemI::createSoundInternal             :     exinfo->cbsize             = 232
[LOG] SystemI::createSoundInternal             :     exinfo->length             = 1620384
[LOG] SystemI::createSoundInternal             :     exinfo->fileoffset         = 40672
[LOG] SystemI::createSoundInternal             :     exinfo->numsubsounds       = 1
[LOG] SystemI::createSoundInternal             :     exinfo->inclusionlist      = 000000005A30F5FC
[LOG] SystemI::createSoundInternal             :     exinfo->inclusionlistnum   = 1
[LOG] SystemI::createSoundInternal             :     exinfo->suggestedsoundtype = 5
[LOG] SystemI::createSoundInternal             :     exinfo->useropen           = 00007FFE8AC05EC0
[LOG] SystemI::createSoundInternal             :     exinfo->userclose          = 00007FFE8AC05E90
[LOG] SystemI::createSoundInternal             :     exinfo->userread           = 00007FFE8AC05F90
[LOG] SystemI::createSoundInternal             :     exinfo->userseek           = 00007FFE8AC06040
[LOG] SystemI::createSoundInternal             :     exinfo->fileuserdata       = 00000000513E1488
[LOG] SystemI::createSoundInternal             :     exinfo->initialseekpostype = 1
[LOG] SystemI::DSPCodecPoolRegister            :     register codec pool for pool type 5
[LOG] SystemI::createSoundInternal             :     Sample 0/1: name='footstep_single_dirt_road_sneaker_007', format=2, channels=2, frequency=48000, lengthbytes=7232, lengthpcm=28800, pcmblocksize=0, loopstart=0, loopend=0, mode=0x00000000, channelmask=0x00000000, channelorder=0, peakvolume=0.717682.
[LOG] SystemI::createSoundInternal             :     Create name='', mode=0x02000202
[LOG] SystemI::createSoundInternal             :     exinfo->cbsize             = 232
[LOG] SystemI::createSoundInternal             :     exinfo->length             = 1620384
[LOG] SystemI::createSoundInternal             :     exinfo->fileoffset         = 40672
[LOG] SystemI::createSoundInternal             :     exinfo->numsubsounds       = 1
[LOG] SystemI::createSoundInternal             :     exinfo->inclusionlist      = 000000005A30F5FC
[LOG] SystemI::createSoundInternal             :     exinfo->inclusionlistnum   = 1
[LOG] SystemI::createSoundInternal             :     exinfo->suggestedsoundtype = 5
[LOG] SystemI::createSoundInternal             :     exinfo->useropen           = 00007FFE8AC05EC0
[LOG] SystemI::createSoundInternal             :     exinfo->userclose          = 00007FFE8AC05E90
[LOG] SystemI::createSoundInternal             :     exinfo->userread           = 00007FFE8AC05F90
[LOG] SystemI::createSoundInternal             :     exinfo->userseek           = 00007FFE8AC06040
[LOG] SystemI::createSoundInternal             :     exinfo->fileuserdata       = 00000000513E1488
[LOG] SystemI::createSoundInternal             :     exinfo->initialseekpostype = 1
[LOG] SystemI::DSPCodecPoolRegister            :     register codec pool for pool type 5
[LOG] SystemI::createSoundInternal             :     Sample 0/1: name='Footsteps_Male_Boots_Concrete_Regular_03', format=2, channels=1, frequency=48000, lengthbytes=4096, lengthpcm=23250, pcmblocksize=0, loopstart=0, loopend=0, mode=0x00000000, channelmask=0x00000000, channelorder=0, peakvolume=0.405518.
[LOG] SystemI::createSoundInternal             :     Create name='', mode=0x02000202
[LOG] SystemI::createSoundInternal             :     exinfo->cbsize             = 232
[LOG] SystemI::createSoundInternal             :     exinfo->length             = 1620384
[LOG] SystemI::createSoundInternal             :     exinfo->fileoffset         = 40672
[LOG] SystemI::createSoundInternal             :     exinfo->numsubsounds       = 1
[LOG] SystemI::createSoundInternal             :     exinfo->inclusionlist      = 000000005A30F5FC
[LOG] SystemI::createSoundInternal             :     exinfo->inclusionlistnum   = 1
[LOG] SystemI::createSoundInternal             :     exinfo->suggestedsoundtype = 5
[LOG] SystemI::createSoundInternal             :     exinfo->useropen           = 00007FFE8AC05EC0
[LOG] SystemI::createSoundInternal             :     exinfo->userclose          = 00007FFE8AC05E90
[LOG] SystemI::createSoundInternal             :     exinfo->userread           = 00007FFE8AC05F90
[LOG] SystemI::createSoundInternal             :     exinfo->userseek           = 00007FFE8AC06040
[LOG] SystemI::createSoundInternal             :     exinfo->fileuserdata       = 00000000513E1488
[LOG] SystemI::createSoundInternal             :     exinfo->initialseekpostype = 1
[LOG] AsyncThread::threadFunc                  : Finished Asynchronous operation on sound 0000000019084DA8
[LOG] SystemI::DSPCodecPoolRegister            : register codec pool for pool type 5
[LOG] SystemI::createSoundInternal             : Sample 0/1: name='footstep_single_dried_long_grass_008', format=2, channels=2, frequency=48000, lengthbytes=8256, lengthpcm=28800, pcmblocksize=0, loopstart=0, loopend=0, mode=0x00000000, channelmask=0x00000000, channelorder=0, peakvolume=0.714935.
[LOG] SystemI::createSoundInternal             : Create name='', mode=0x02000202
[LOG] SystemI::createSoundInternal             : exinfo->cbsize             = 232
[LOG] SystemI::createSoundInternal             : exinfo->length             = 1620384
[LOG] SystemI::createSoundInternal             : exinfo->fileoffset         = 40672
[LOG] SystemI::createSoundInternal             : exinfo->numsubsounds       = 1
[LOG] SystemI::createSoundInternal             : exinfo->inclusionlist      = 000000005A30F5FC
[LOG] SystemI::createSoundInternal             : exinfo->inclusionlistnum   = 1
[LOG] SystemI::createSoundInternal             : exinfo->suggestedsoundtype = 5
[LOG] SystemI::createSoundInternal             : exinfo->useropen           = 00007FFE8AC05EC0
[LOG] SystemI::createSoundInternal             : exinfo->userclose          = 00007FFE8AC05E90
[LOG] SystemI::createSoundInternal             : exinfo->userread           = 00007FFE8AC05F90
[LOG] SystemI::createSoundInternal             : exinfo->userseek           = 00007FFE8AC06040
[LOG] SystemI::createSoundInternal             : exinfo->fileuserdata       = 00000000513E1488
[LOG] SystemI::createSoundInternal             : exinfo->initialseekpostype = 1
[LOG] SystemI::DSPCodecPoolRegister            : register codec pool for pool type 5
[LOG] SystemI::createSoundInternal             : Sample 0/1: name='footstep_single_dirt_road_sneaker_017', format=2, channels=2, frequency=48000, lengthbytes=5600, lengthpcm=24191, pcmblocksize=0, loopstart=0, loopend=0, mode=0x00000000, channelmask=0x00000000, channelorder=0, peakvolume=0.627869.
[LOG] SystemI::createSoundInternal             : Create name='', mode=0x02000202
[LOG] SystemI::createSoundInternal             : exinfo->cbsize             = 232
[LOG] SystemI::createSoundInternal             : exinfo->length             = 1620384
[LOG] SystemI::createSoundInternal             : exinfo->fileoffset         = 40672
[LOG] SystemI::createSoundInternal             : exinfo->numsubsounds       = 1
[LOG] SystemI::createSoundInternal             : exinfo->inclusionlist      = 000000005A30F5FC
[LOG] SystemI::createSoundInternal             : exinfo->inclusionlistnum   = 1
[LOG] SystemI::createSoundInternal             : exinfo->suggestedsoundtype = 5
[LOG] SystemI::createSoundInternal             : exinfo->useropen           = 00007FFE8AC05EC0
[LOG] SystemI::createSoundInternal             : exinfo->userclose          = 00007FFE8AC05E90
[LOG] SystemI::createSoundInternal             : exinfo->userread           = 00007FFE8AC05F90
[LOG] SystemI::createSoundInternal             : exinfo->userseek           = 00007FFE8AC06040
[LOG] SystemI::createSoundInternal             : exinfo->fileuserdata       = 00000000513E1488
[LOG] SystemI::createSoundInternal             : exinfo->initialseekpostype = 1
[LOG] SystemI::DSPCodecPoolRegister            : register codec pool for pool type 5
[LOG] SystemI::createSoundInternal             : Sample 0/1: name='footstep_single_wooden_hollow_floor_014', format=2, channels=2, frequency=48000, lengthbytes=6208, lengthpcm=28800, pcmblocksize=0, loopstart=0, loopend=0, mode=0x00000000, channelmask=0x00000000, channelorder=0, peakvolume=0.714508.
[LOG] SystemI::createSoundInternal             : Create name='', mode=0x02000202
[LOG] SystemI::createSoundInternal             : exinfo->cbsize             = 232
[LOG] SystemI::createSoundInternal             : exinfo->length             = 1620384
[LOG] SystemI::createSoundInternal             : exinfo->fileoffset         = 40672
[LOG] SystemI::createSoundInternal             : exinfo->numsubsounds       = 1
[LOG] SystemI::createSoundInternal             : exinfo->inclusionlist      = 000000005A30F5FC
[LOG] SystemI::createSoundInternal             : exinfo->inclusionlistnum   = 1
[LOG] SystemI::createSoundInternal             : exinfo->suggestedsoundtype = 5
[LOG] SystemI::createSoundInternal             : exinfo->useropen           = 00007FFE8AC05EC0
[LOG] SystemI::createSoundInternal             : exinfo->userclose          = 00007FFE8AC05E90
[LOG] SystemI::createSoundInternal             : exinfo->userread           = 00007FFE8AC05F90
[LOG] SystemI::createSoundInternal             : exinfo->userseek           = 00007FFE8AC06040
[LOG] SystemI::createSoundInternal             : exinfo->fileuserdata       = 00000000513E1488
[LOG] SystemI::createSoundInternal             : exinfo->initialseekpostype = 1
[LOG] SystemI::DSPCodecPoolRegister            : register codec pool for pool type 5
[LOG] SystemI::createSoundInternal             : Sample 0/1: name='Footsteps_Male_Boots_Concrete_Regular_04', format=2, channels=1, frequency=48000, lengthbytes=4064, lengthpcm=23462, pcmblocksize=0, loopstart=0, loopend=0, mode=0x00000000, channelmask=0x00000000, channelorder=0, peakvolume=0.277893.
[LOG] SystemI::createSoundInternal             : Create name='', mode=0x02000202
[LOG] SystemI::createSoundInternal             : exinfo->cbsize             = 232
[LOG] SystemI::createSoundInternal             : exinfo->length             = 1620384
[LOG] SystemI::createSoundInternal             : exinfo->fileoffset         = 40672
[LOG] SystemI::createSoundInternal             : exinfo->numsubsounds       = 1
[LOG] SystemI::createSoundInternal             : exinfo->inclusionlist      = 000000005A30F5FC
[LOG] SystemI::createSoundInternal             : exinfo->inclusionlistnum   = 1
[LOG] SystemI::createSoundInternal             : exinfo->suggestedsoundtype = 5
[LOG] SystemI::createSoundInternal             : exinfo->useropen           = 00007FFE8AC05EC0
[LOG] SystemI::createSoundInternal             : exinfo->userclose          = 00007FFE8AC05E90
[LOG] SystemI::createSoundInternal             : exinfo->userread           = 00007FFE8AC05F90
[LOG] SystemI::createSoundInternal             : exinfo->userseek           = 00007FFE8AC06040
[LOG] SystemI::createSoundInternal             : exinfo->fileuserdata       = 00000000513E1488
[LOG] SystemI::createSoundInternal             : exinfo->initialseekpostype = 1
[LOG] SystemI::DSPCodecPoolRegister            : register codec pool for pool type 5
[LOG] SystemI::createSoundInternal             : Sample 0/1: name='footstep_single_wooden_hollow_floor_012', format=2, channels=2, frequency=48000, lengthbytes=4928, lengthpcm=20736, pcmblocksize=0, loopstart=0, loopend=0, mode=0x00000000, channelmask=0x00000000, channelorder=0, peakvolume=0.709015.
[LOG] SystemI::createSoundInternal             : Create name='', mode=0x02000202
[LOG] SystemI::createSoundInternal             : exinfo->cbsize             = 232
[LOG] SystemI::createSoundInternal             : exinfo->length             = 1620384
[LOG] SystemI::createSoundInternal             : exinfo->fileoffset         = 40672
[LOG] SystemI::createSoundInternal             : exinfo->numsubsounds       = 1
[LOG] SystemI::createSoundInternal             : exinfo->inclusionlist      = 000000005A30F5FC
[LOG] SystemI::createSoundInternal             : exinfo->inclusionlistnum   = 1
[LOG] SystemI::createSoundInternal             : exinfo->suggestedsoundtype = 5
[LOG] SystemI::createSoundInternal             : exinfo->useropen           = 00007FFE8AC05EC0
[LOG] SystemI::createSoundInternal             : exinfo->userclose          = 00007FFE8AC05E90
[LOG] SystemI::createSoundInternal             : exinfo->userread           = 00007FFE8AC05F90
[LOG] SystemI::createSoundInternal             : exinfo->userseek           = 00007FFE8AC06040
[LOG] SystemI::createSoundInternal             : exinfo->fileuserdata       = 00000000513E1488
[LOG] SystemI::createSoundInternal             : exinfo->initialseekpostype = 1
[LOG] SystemI::DSPCodecPoolRegister            : register codec pool for pool type 5
[LOG] SystemI::createSoundInternal             : Sample 0/1: name='footstep_single_wooden_hollow_floor_005', format=2, channels=2, frequency=48000, lengthbytes=5696, lengthpcm=21888, pcmblocksize=0, loopstart=0, loopend=0, mode=0x00000000, channelmask=0x00000000, channelorder=0, peakvolume=0.720917.
[LOG] SystemI::createSoundInternal             : Create name='', mode=0x02000202
[LOG] SystemI::createSoundInternal             : exinfo->cbsize             = 232
[LOG] SystemI::createSoundInternal             : exinfo->length             = 1620384
[LOG] SystemI::createSoundInternal             : exinfo->fileoffset         = 40672
[LOG] SystemI::createSoundInternal             : exinfo->numsubsounds       = 1
[LOG] SystemI::createSoundInternal             : exinfo->inclusionlist      = 000000005A30F5FC
[LOG] SystemI::createSoundInternal             : exinfo->inclusionlistnum   = 1
[LOG] SystemI::createSoundInternal             : exinfo->suggestedsoundtype = 5
[LOG] SystemI::createSoundInternal             : exinfo->useropen           = 00007FFE8AC05EC0
[LOG] SystemI::createSoundInternal             : exinfo->userclose          = 00007FFE8AC05E90
[LOG] SystemI::createSoundInternal             : exinfo->userread           = 00007FFE8AC05F90
[LOG] SystemI::createSoundInternal             : exinfo->userseek           = 00007FFE8AC06040
[LOG] SystemI::createSoundInternal             : exinfo->fileuserdata       = 00000000513E1488
[LOG] SystemI::createSoundInternal             : exinfo->initialseekpostype = 1
[LOG] SystemI::DSPCodecPoolRegister            : register codec pool for pool type 5
[LOG] SystemI::createSoundInternal             : Sample 0/1: name='footstep_grass_single_003', format=2, channels=2, frequency=48000, lengthbytes=4256, lengthpcm=19584, pcmblocksize=0, loopstart=0, loopend=0, mode=0x00000000, channelmask=0x00000000, channelorder=0, peakvolume=0.760468.
[LOG] SystemI::createSoundInternal             : Create name='', mode=0x02000202
[LOG] SystemI::createSoundInternal             : exinfo->cbsize             = 232
[LOG] SystemI::createSoundInternal             : exinfo->length             = 1620384
[LOG] SystemI::createSoundInternal             : exinfo->fileoffset         = 40672
[LOG] SystemI::createSoundInternal             : exinfo->numsubsounds       = 1
[LOG] SystemI::createSoundInternal             : exinfo->inclusionlist      = 000000005A30F5FC
[LOG] SystemI::createSoundInternal             : exinfo->inclusionlistnum   = 1
[LOG] SystemI::createSoundInternal             : exinfo->suggestedsoundtype = 5
[LOG] SystemI::createSoundInternal             : exinfo->useropen           = 00007FFE8AC05EC0
[LOG] SystemI::createSoundInternal             : exinfo->userclose          = 00007FFE8AC05E90
[LOG] SystemI::createSoundInternal             : exinfo->userread           = 00007FFE8AC05F90
[LOG] SystemI::createSoundInternal             : exinfo->userseek           = 00007FFE8AC06040
[LOG] SystemI::createSoundInternal             : exinfo->fileuserdata       = 00000000513E1488
[LOG] SystemI::createSoundInternal             : exinfo->initialseekpostype = 1
[LOG] SystemI::DSPCodecPoolRegister            : register codec pool for pool type 5
[LOG] SystemI::createSoundInternal             : Sample 0/1: name='Footsteps_Male_Boots_Concrete_Regular_02', format=2, channels=1, frequency=48000, lengthbytes=4160, lengthpcm=23250, pcmblocksize=0, loopstart=0, loopend=0, mode=0x00000000, channelmask=0x00000000, channelorder=0, peakvolume=0.637726.
[LOG] SystemI::createSoundInternal             : Create name='', mode=0x02000202
[LOG] SystemI::createSoundInternal             : exinfo->cbsize             = 232
[LOG] SystemI::createSoundInternal             : exinfo->length             = 1620384
[LOG] SystemI::createSoundInternal             : exinfo->fileoffset         = 40672
[LOG] SystemI::createSoundInternal             : exinfo->numsubsounds       = 1
[LOG] SystemI::createSoundInternal             : exinfo->inclusionlist      = 000000005A30F5FC
[LOG] SystemI::createSoundInternal             : exinfo->inclusionlistnum   = 1
[LOG] SystemI::createSoundInternal             : exinfo->suggestedsoundtype = 5
[LOG] SystemI::createSoundInternal             : exinfo->useropen           = 00007FFE8AC05EC0
[LOG] SystemI::createSoundInternal             : exinfo->userclose          = 00007FFE8AC05E90
[LOG] SystemI::createSoundInternal             : exinfo->userread           = 00007FFE8AC05F90
[LOG] SystemI::createSoundInternal             : exinfo->userseek           = 00007FFE8AC06040
[LOG] SystemI::createSoundInternal             : exinfo->fileuserdata       = 00000000513E1488
[LOG] SystemI::createSoundInternal             : exinfo->initialseekpostype = 1
[LOG] SystemI::DSPCodecPoolRegister            : register codec pool for pool type 5
[LOG] SystemI::createSoundInternal             : Sample 0/1: name='footstep_grass_single_002', format=2, channels=2, frequency=48000, lengthbytes=5056, lengthpcm=19584, pcmblocksize=0, loopstart=0, loopend=0, mode=0x00000000, channelmask=0x00000000, channelorder=0, peakvolume=0.770233.
[LOG] SystemI::createSoundInternal             : Create name='', mode=0x02000202
[LOG] SystemI::createSoundInternal             : exinfo->cbsize             = 232
[LOG] SystemI::createSoundInternal             : exinfo->length             = 1620384
[LOG] SystemI::createSoundInternal             : exinfo->fileoffset         = 40672
[LOG] SystemI::createSoundInternal             : exinfo->numsubsounds       = 1
[LOG] SystemI::createSoundInternal             : exinfo->inclusionlist      = 000000005A30F5FC
[LOG] SystemI::createSoundInternal             : exinfo->inclusionlistnum   = 1
[LOG] SystemI::createSoundInternal             : exinfo->suggestedsoundtype = 5
[LOG] SystemI::createSoundInternal             : exinfo->useropen           = 00007FFE8AC05EC0
[LOG] SystemI::createSoundInternal             : exinfo->userclose          = 00007FFE8AC05E90
[LOG] SystemI::createSoundInternal             : exinfo->userread           = 00007FFE8AC05F90
[LOG] SystemI::createSoundInternal             : exinfo->userseek           = 00007FFE8AC06040
[LOG] SystemI::createSoundInternal             : exinfo->fileuserdata       = 00000000513E1488
[LOG] SystemI::createSoundInternal             : exinfo->initialseekpostype = 1
[LOG] SystemI::DSPCodecPoolRegister            : register codec pool for pool type 5
[LOG] SystemI::createSoundInternal             : Sample 0/1: name='footstep_single_dried_long_grass_005', format=2, channels=2, frequency=48000, lengthbytes=7488, lengthpcm=28800, pcmblocksize=0, loopstart=0, loopend=0, mode=0x00000000, channelmask=0x00000000, channelorder=0, peakvolume=0.710693.
[LOG] SystemI::createSoundInternal             : Create name='', mode=0x02000202
[LOG] SystemI::createSoundInternal             : exinfo->cbsize             = 232
[LOG] SystemI::createSoundInternal             : exinfo->length             = 1620384
[LOG] SystemI::createSoundInternal             : exinfo->fileoffset         = 40672
[LOG] SystemI::createSoundInternal             : exinfo->numsubsounds       = 1
[LOG] SystemI::createSoundInternal             : exinfo->inclusionlist      = 000000005A30F5FC
[LOG] SystemI::createSoundInternal             : exinfo->inclusionlistnum   = 1
[LOG] SystemI::createSoundInternal             : exinfo->suggestedsoundtype = 5
[LOG] SystemI::createSoundInternal             : exinfo->useropen           = 00007FFE8AC05EC0
[LOG] SystemI::createSoundInternal             : exinfo->userclose          = 00007FFE8AC05E90
[LOG] SystemI::createSoundInternal             : exinfo->userread           = 00007FFE8AC05F90
[LOG] SystemI::createSoundInternal             : exinfo->userseek           = 00007FFE8AC06040
[LOG] SystemI::createSoundInternal             : exinfo->fileuserdata       = 00000000513E1488
[LOG] SystemI::createSoundInternal             : exinfo->initialseekpostype = 1
[LOG] SystemI::DSPCodecPoolRegister            : register codec pool for pool type 5
[LOG] SystemI::createSoundInternal             : Sample 0/1: name='footstep_single_wooden_hollow_floor_006', format=2, channels=2, frequency=48000, lengthbytes=6048, lengthpcm=26496, pcmblocksize=0, loopstart=0, loopend=0, mode=0x00000000, channelmask=0x00000000, channelorder=0, peakvolume=0.712067.
[LOG] SystemI::createSoundInternal             : Create name='', mode=0x02000202
[LOG] SystemI::createSoundInternal             : exinfo->cbsize             = 232
[LOG] SystemI::createSoundInternal             : exinfo->length             = 1620384
[LOG] SystemI::createSoundInternal             : exinfo->fileoffset         = 40672
[LOG] SystemI::createSoundInternal             : exinfo->numsubsounds       = 1
[LOG] SystemI::createSoundInternal             : exinfo->inclusionlist      = 000000005A30F5FC
[LOG] SystemI::createSoundInternal             : exinfo->inclusionlistnum   = 1
[LOG] SystemI::createSoundInternal             : exinfo->suggestedsoundtype = 5
[LOG] SystemI::createSoundInternal             : exinfo->useropen           = 00007FFE8AC05EC0
[LOG] SystemI::createSoundInternal             : exinfo->userclose          = 00007FFE8AC05E90
[LOG] SystemI::createSoundInternal             : exinfo->userread           = 00007FFE8AC05F90
[LOG] SystemI::createSoundInternal             : exinfo->userseek           = 00007FFE8AC06040
[LOG] SystemI::createSoundInternal             : exinfo->fileuserdata       = 00000000513E1488
[LOG] SystemI::createSoundInternal             : exinfo->initialseekpostype = 1
[LOG] SystemI::DSPCodecPoolRegister            : register codec pool for pool type 5
[LOG] SystemI::createSoundInternal             : Sample 0/1: name='footstep_single_dried_long_grass_007', format=2, channels=2, frequency=48000, lengthbytes=7328, lengthpcm=28800, pcmblocksize=0, loopstart=0, loopend=0, mode=0x00000000, channelmask=0x00000000, channelorder=0, peakvolume=0.684021.
[LOG] SystemI::createSoundInternal             : Create name='', mode=0x02000202
[LOG] SystemI::createSoundInternal             : exinfo->cbsize             = 232
[LOG] SystemI::createSoundInternal             : exinfo->length             = 1620384
[LOG] SystemI::createSoundInternal             : exinfo->fileoffset         = 40672
[LOG] SystemI::createSoundInternal             : exinfo->numsubsounds       = 1
[LOG] SystemI::createSoundInternal             : exinfo->inclusionlist      = 000000005A30F5FC
[LOG] SystemI::createSoundInternal             : exinfo->inclusionlistnum   = 1
[LOG] SystemI::createSoundInternal             : exinfo->suggestedsoundtype = 5
[LOG] SystemI::createSoundInternal             : exinfo->useropen           = 00007FFE8AC05EC0
[LOG] SystemI::createSoundInternal             : exinfo->userclose          = 00007FFE8AC05E90
[LOG] SystemI::createSoundInternal             : exinfo->userread           = 00007FFE8AC05F90
[LOG] SystemI::createSoundInternal             : exinfo->userseek           = 00007FFE8AC06040
[LOG] SystemI::createSoundInternal             : exinfo->fileuserdata       = 00000000513E1488
[LOG] SystemI::createSoundInternal             : exinfo->initialseekpostype = 1
[LOG] SystemI::DSPCodecPoolRegister            : register codec pool for pool type 5
[LOG] SystemI::createSoundInternal             : Sample 0/1: name='footstep_single_dried_long_grass_004', format=2, channels=2, frequency=48000, lengthbytes=7136, lengthpcm=32255, pcmblocksize=0, loopstart=0, loopend=0, mode=0x00000000, channelmask=0x00000000, channelorder=0, peakvolume=0.703094.
[LOG] SystemI::createSoundInternal             : Create name='', mode=0x02000202
[LOG] SystemI::createSoundInternal             : exinfo->cbsize             = 232
[LOG] SystemI::createSoundInternal             : exinfo->length             = 1620384
[LOG] SystemI::createSoundInternal             : exinfo->fileoffset         = 40672
[LOG] SystemI::createSoundInternal             : exinfo->numsubsounds       = 1
[LOG] SystemI::createSoundInternal             : exinfo->inclusionlist      = 000000005A30F5FC
[LOG] SystemI::createSoundInternal             : exinfo->inclusionlistnum   = 1
[LOG] SystemI::createSoundInternal             : exinfo->suggestedsoundtype = 5
[LOG] SystemI::createSoundInternal             : exinfo->useropen           = 00007FFE8AC05EC0
[LOG] SystemI::createSoundInternal             : exinfo->userclose          = 00007FFE8AC05E90
[LOG] SystemI::createSoundInternal             : exinfo->userread           = 00007FFE8AC05F90
[LOG] SystemI::createSoundInternal             : exinfo->userseek           = 00007FFE8AC06040
[LOG] SystemI::createSoundInternal             : exinfo->fileuserdata       = 00000000513E1488
[LOG] SystemI::createSoundInternal             : exinfo->initialseekpostype = 1
[LOG] SystemI::DSPCodecPoolRegister            : register codec pool for pool type 5
[LOG] SystemI::createSoundInternal             : Sample 0/1: name='footstep_single_dirt_road_sneaker_010', format=2, channels=2, frequency=48000, lengthbytes=5824, lengthpcm=25344, pcmblocksize=0, loopstart=0, loopend=0, mode=0x00000000, channelmask=0x00000000, channelorder=0, peakvolume=0.715820.
[LOG] SystemI::createSoundInternal             : Create name='', mode=0x02000202
[LOG] SystemI::createSoundInternal             : exinfo->cbsize             = 232
[LOG] SystemI::createSoundInternal             : exinfo->length             = 1620384
[LOG] SystemI::createSoundInternal             : exinfo->fileoffset         = 40672
[LOG] SystemI::createSoundInternal             : exinfo->numsubsounds       = 1
[LOG] SystemI::createSoundInternal             : exinfo->inclusionlist      = 000000005A30F5FC
[LOG] SystemI::createSoundInternal             : exinfo->inclusionlistnum   = 1
[LOG] SystemI::createSoundInternal             : exinfo->suggestedsoundtype = 5
[LOG] SystemI::createSoundInternal             : exinfo->useropen           = 00007FFE8AC05EC0
[LOG] SystemI::createSoundInternal             : exinfo->userclose          = 00007FFE8AC05E90
[LOG] SystemI::createSoundInternal             : exinfo->userread           = 00007FFE8AC05F90
[LOG] SystemI::createSoundInternal             : exinfo->userseek           = 00007FFE8AC06040
[LOG] SystemI::createSoundInternal             : exinfo->fileuserdata       = 00000000513E1488
[LOG] SystemI::createSoundInternal             : exinfo->initialseekpostype = 1
[LOG] SystemI::DSPCodecPoolRegister            : register codec pool for pool type 5
[LOG] SystemI::createSoundInternal             : Sample 0/1: name='Footsteps_Male_Boots_Concrete_Regular_01', format=2, channels=1, frequency=48000, lengthbytes=3872, lengthpcm=23250, pcmblocksize=0, loopstart=0, loopend=0, mode=0x00000000, channelmask=0x00000000, channelorder=0, peakvolume=0.715942.
[LOG] SoundI::getSubSound                      : sound 0000000019084DA8.  Subsound index 0 / 1
[LOG] SystemI::createSound                     : filename = E:\2018\TCC\SoundDesign\FMOD\HiddenMemories\Build\Desktop/Master Bank.bank : mode 02010082
[LOG] SystemI::createSound                     : FMOD_NONBLOCKING specified.  Putting into queue to be opened asynchronously!
[LOG] SystemI::createSound                     : setdata soundi = 0000000019084538 : node = 00000000512F24E0
[LOG] SystemI::createSound                     : add node to async list : head = 000000004D80DE78.  list count = 0
[LOG] AsyncThread::threadFunc                  : Starting Asynchronous operation on sound 0000000019084538
[LOG] SystemI::createSoundInternal             :     Create name='E:\2018\TCC\SoundDesign\FMOD\HiddenMemories\Build\Desktop/Master Bank.bank', mode=0x02010082
[LOG] SystemI::createSoundInternal             :     exinfo->cbsize             = 232
[LOG] SystemI::createSoundInternal             :     exinfo->length             = 1620384
[LOG] SystemI::createSoundInternal             :     exinfo->fileoffset         = 40672
[LOG] SystemI::createSoundInternal             :     exinfo->numsubsounds       = 1
[LOG] SystemI::createSoundInternal             :     exinfo->inclusionlist      = 00000000512F25F8
[LOG] SystemI::createSoundInternal             :     exinfo->inclusionlistnum   = 1
[LOG] SystemI::createSoundInternal             :     exinfo->suggestedsoundtype = 5
[LOG] SystemI::createSoundInternal             :     exinfo->initialseekpostype = 1
[LOG] SystemI::createSoundInternal             :     Stream 0/1: name='Wind_Loop', format=2, channels=2, frequency=48000, lengthbytes=147168, lengthpcm=545919, pcmblocksize=0, loopstart=0, loopend=0, mode=0x00000000, channelmask=0x00000000, channelorder=0, peakvolume=0.029907.
[LOG] AsyncThread::threadFunc                  : Finished Asynchronous operation on sound 0000000019084538
[LOG] SoundI::getSubSound                      : sound 0000000019084538.  Subsound index 0 / 1
[LOG] AsyncThread::threadFunc                  : Starting Asynchronous operation on sound 0000000019084028
[LOG] AsyncThread::threadFunc                  : Finished Asynchronous operation on sound 0000000019084028
[LOG] SoundI::release                          : Forest_Wind_Intro (0000000019084DA8)
[LOG] SoundI::release                          :     Forest_Wind_Intro (000000005154CF18)
[LOG] SoundI::release                          :     Forest_Wind_Intro (0000000019083968)
[LOG] SoundI::release                          : Wind_Loop (0000000019084538)
[LOG] SoundI::release                          :     Wind_Loop (000000005154D258)
[LOG] SoundI::release                          :     Wind_Loop (0000000019084028)
[LOG] SoundI::release                          :  (00000000512D65B8)
[LOG] SoundI::release                          :     footstep_single_dirt_road_sneaker_005 (0000000051453728)
[LOG] SoundI::release                          :  (00000000512D6B78)
[LOG] SoundI::release                          :     footstep_single_dirt_road_sneaker_007 (000000001936C908)
[LOG] SoundI::release                          :  (000000004D00A4A8)
[LOG] SoundI::release                          :     footstep_single_dirt_road_sneaker_010 (000000004D01C198)
[LOG] SoundI::release                          :  (00000000512D72A8)
[LOG] SoundI::release                          :     footstep_single_dirt_road_sneaker_017 (000000001936D2C8)
[LOG] SoundI::release                          :  (000000004D00A788)
[LOG] SoundI::release                          :     Footsteps_Male_Boots_Concrete_Regular_01 (000000004D01C678)
[LOG] SoundI::release                          :  (00000000512D79D8)
[LOG] SoundI::release                          :     Footsteps_Male_Boots_Concrete_Regular_02 (000000004D01BB18)
[LOG] SoundI::release                          :  (00000000512D76F8)
[LOG] SoundI::release                          :     Footsteps_Male_Boots_Concrete_Regular_03 (000000001936C5C8)
[LOG] SoundI::release                          :  (00000000512D7F98)
[LOG] SoundI::release                          :     Footsteps_Male_Boots_Concrete_Regular_04 (000000001936CF88)
[LOG] SoundI::release                          :  (00000000512D7418)
[LOG] SoundI::release                          :     footstep_grass_single_001 (0000000051453A68)
[LOG] SoundI::release                          :  (000000004D00BA38)
[LOG] SoundI::release                          :     footstep_grass_single_002 (000000004D01BE58)
[LOG] SoundI::release                          :  (00000000512D7868)
[LOG] SoundI::release                          :     footstep_grass_single_003 (000000004D01C4D8)
[LOG] SoundI::release                          :  (00000000512D6898)
[LOG] SoundI::release                          :     footstep_grass_single_004 (000000001936C768)
[LOG] SoundI::release                          :  (000000004D009EE8)
[LOG] SoundI::release                          :     footstep_single_dried_long_grass_004 (000000004D01BFF8)
[LOG] SoundI::release                          :  (000000004D00ABD8)
[LOG] SoundI::release                          :     footstep_single_dried_long_grass_005 (000000004D01BCB8)
[LOG] SoundI::release                          :  (000000004D00AD48)
[LOG] SoundI::release                          :     footstep_single_dried_long_grass_007 (000000004D01C338)
[LOG] SoundI::release                          :  (00000000512D7588)
[LOG] SoundI::release                          :     footstep_single_dried_long_grass_008 (000000001936CC48)
[LOG] SoundI::release                          :  (000000004D00AEB8)
[LOG] SoundI::release                          :     footstep_single_wooden_hollow_floor_006 (000000004D01C818)
[LOG] SoundI::release                          :  (00000000512D7B48)
[LOG] SoundI::release                          :     footstep_single_wooden_hollow_floor_012 (000000001936CDE8)
[LOG] SoundI::release                          :  (00000000512D8278)
[LOG] SoundI::release                          :     footstep_single_wooden_hollow_floor_014 (000000001936CAA8)
[LOG] SoundI::release                          :  (00000000512D6E58)
[LOG] SoundI::release                          :     footstep_single_wooden_hollow_floor_005 (000000001936D128)
[LOG] Thread::callback                         : FMOD Studio update thread finished.
[LOG] Thread::callback                         : FMOD Studio bank load thread finished.
[LOG] Profile::disconnectAll                   : Profiler disconnecting all clients
[LOG] Thread::callback                         : FMOD Studio sample load thread finished.
[LOG] LiveUpdate::release                      : 
[LOG] LiveUpdate::reset                        : Reset connection (reason Disconnected)
[LOG] Thread::callback                         : FMOD stream thread finished.
[LOG] Thread::callback                         : FMOD mixer thread finished.
[LOG] Profile::disconnectAll                   : Profiler disconnecting all clients
[LOG] SystemI::close                           : Closed.
